<?xml version="1.0" encoding="UTF-8"?>
<testng-results ignored="0" total="1" passed="1" failed="0" skipped="0">
  <reporter-output>
  </reporter-output>
  <suite started-at="2026-01-30T16:55:55 IST" name="Surefire suite" finished-at="2026-01-30T16:57:03 IST" duration-ms="68270">
    <groups>
    </groups>
    <test started-at="2026-01-30T16:55:55 IST" name="Surefire test" finished-at="2026-01-30T16:57:03 IST" duration-ms="68270">
      <class name="tests.CaseKaroTest">
        <test-method is-config="true" signature="start()[pri:0, instance:tests.CaseKaroTest@2d127a61]" started-at="2026-01-30T16:55:55 IST" name="start" finished-at="2026-01-30T16:56:05 IST" duration-ms="10149" status="PASS">
          <reporter-output>
          </reporter-output>
        </test-method> <!-- start -->
        <test-method signature="verifyCartFlow()[pri:0, instance:tests.CaseKaroTest@2d127a61]" started-at="2026-01-30T16:56:05 IST" name="verifyCartFlow" finished-at="2026-01-30T16:57:02 IST" duration-ms="57467" status="PASS">
          <reporter-output>
          </reporter-output>
        </test-method> <!-- verifyCartFlow -->
        <test-method is-config="true" signature="end()[pri:0, instance:tests.CaseKaroTest@2d127a61]" started-at="2026-01-30T16:57:02 IST" name="end" finished-at="2026-01-30T16:57:03 IST" duration-ms="613" status="PASS">
          <reporter-output>
          </reporter-output>
        </test-method> <!-- end -->
      </class> <!-- tests.CaseKaroTest -->
    </test> <!-- Surefire test -->
  </suite> <!-- Surefire suite -->
</testng-results>
