<?xml version="1.0" encoding="UTF-8"?>
<testng-results ignored="0" total="1" passed="1" failed="0" skipped="0">
  <reporter-output>
  </reporter-output>
  <suite started-at="2026-02-08T23:17:14 IST" name="Surefire suite" finished-at="2026-02-08T23:18:48 IST" duration-ms="94180">
    <groups>
      <group name="cucumber">
        <method signature="AbstractTestNGCucumberTests.runScenario(io.cucumber.testng.PickleWrapper,io.cucumber.testng.FeatureWrapper)[pri:0, instance:runner.TestRunner@4c40b76e]" name="runScenario" class="io.cucumber.testng.AbstractTestNGCucumberTests"/>
      </group> <!-- cucumber -->
    </groups>
    <test started-at="2026-02-08T23:17:14 IST" name="Surefire test" finished-at="2026-02-08T23:18:48 IST" duration-ms="94180">
      <class name="runner.TestRunner">
        <test-method is-config="true" signature="setUpClass(org.testng.ITestContext)[pri:0, instance:runner.TestRunner@4c40b76e]" started-at="2026-02-08T23:17:14 IST" name="setUpClass" finished-at="2026-02-08T23:17:14 IST" duration-ms="340" status="PASS">
          <params>
            <param index="0">
              <value>
                <![CDATA[org.testng.TestRunner@f001896]]>
              </value>
            </param>
          </params>
          <reporter-output>
          </reporter-output>
        </test-method> <!-- setUpClass -->
        <test-method signature="runScenario(io.cucumber.testng.PickleWrapper,io.cucumber.testng.FeatureWrapper)[pri:0, instance:runner.TestRunner@4c40b76e]" started-at="2026-02-08T23:17:14 IST" name="runScenario" description="Runs Cucumber Scenarios" data-provider="scenarios" finished-at="2026-02-08T23:18:48 IST" duration-ms="93780" status="PASS">
          <params>
            <param index="0">
              <value>
                <![CDATA["Add all materials of same case to cart"]]>
              </value>
            </param>
            <param index="1">
              <value>
                <![CDATA["CaseKaro Cart Flow"]]>
              </value>
            </param>
          </params>
          <reporter-output>
          </reporter-output>
        </test-method> <!-- runScenario -->
        <test-method is-config="true" signature="tearDownClass()[pri:0, instance:runner.TestRunner@4c40b76e]" started-at="2026-02-08T23:18:48 IST" name="tearDownClass" finished-at="2026-02-08T23:18:48 IST" duration-ms="1" status="PASS">
          <reporter-output>
          </reporter-output>
        </test-method> <!-- tearDownClass -->
      </class> <!-- runner.TestRunner -->
    </test> <!-- Surefire test -->
  </suite> <!-- Surefire suite -->
</testng-results>
