<?xml version="1.0" encoding="UTF-8"?>
<testsuite xmlns:xsi="http://www.w3.org/2001/XMLSchema-instance" xsi:noNamespaceSchemaLocation="https://maven.apache.org/surefire/maven-surefire-plugin/xsd/surefire-test-report-3.0.xsd" version="3.0" name="TestSuite" time="68.891" tests="1" errors="0" skipped="0" failures="0">
  <properties>
[...]
</properties>
  <testcase name="verifyCartFlow" classname="tests.CaseKaroTest" time="57.472">
    <system-out><![CDATA[Items in cart: 3

----- CART ITEM DETAILS -----
Item 1
Material : Glass
Price    : Rs. 249.00
Link     : /products/classic-porsche-911-iphone-16-pro-back-cover?variant=41955668263030
-----------------------------
Item 2
Material : Soft
Price    : Rs. 149.00
Link     : /products/classic-porsche-911-iphone-16-pro-back-cover?variant=41955668230262
-----------------------------
Item 3
Material : Hard
Price    : Rs. 69.00
Link     : /products/classic-porsche-911-iphone-16-pro-back-cover?variant=41955668197494
-----------------------------
]]></system-out>
    <system-err><![CDATA[SLF4J: Failed to load class "org.slf4j.impl.StaticLoggerBinder".
SLF4J: Defaulting to no-operation (NOP) logger implementation
SLF4J: See http://www.slf4j.org/codes.html#StaticLoggerBinder for further details.
]]></system-err>
  </testcase>
</testsuite>