<?xml version="1.0" encoding="UTF-8"?>
<testsuite xmlns:xsi="http://www.w3.org/2001/XMLSchema-instance" xsi:noNamespaceSchemaLocation="https://maven.apache.org/surefire/maven-surefire-plugin/xsd/surefire-test-report-3.0.xsd" version="3.0" name="TestSuite" time="94.767" tests="1" errors="0" skipped="0" failures="0">
  <properties>
[...]
</properties>
  <testcase name="runScenario[&quot;Add all materials of same case to cart&quot;, &quot;CaseKaro Cart Flow&quot;](1)" classname="runner.TestRunner" time="93.759">
    <system-out><![CDATA[
Scenario: Add all materials of same case to cart # src/test/resources/features/casekaro.feature:3
  Given I open CaseKaro website                  # steps.CaseKaroSteps.i_open_casekaro_website()
  When I click on Mobile Covers                  # steps.CaseKaroSteps.i_click_on_mobile_covers()
  And I search for iPhone                        # steps.CaseKaroSteps.i_search_for_iphone()
  And I open iPhone 16 Pro from search results   # steps.CaseKaroSteps.i_open_iphone_16_pro()
  And I open first product                       # steps.CaseKaroSteps.i_open_first_product()
  And I add "Hard" material to cart              # steps.CaseKaroSteps.i_add_material_to_cart(java.lang.String)
  And I add "Soft" material to cart              # steps.CaseKaroSteps.i_add_material_to_cart(java.lang.String)
  And I add "Glass" material to cart             # steps.CaseKaroSteps.i_add_material_to_cart(java.lang.String)
Items in cart: 3
  Then I should see 3 items in the cart          # steps.CaseKaroSteps.i_should_see_3_items_in_cart()

----- CART ITEM DETAILS -----
Item 1
Material : Glass
Price    : Rs. 249.00
Link     : /products/classic-porsche-911-iphone-16-pro-back-cover?variant=41955668263030
-----------------------------
Item 2
Material : Soft
Price    : Rs. 149.00
Link     : /products/classic-porsche-911-iphone-16-pro-back-cover?variant=41955668230262
-----------------------------
Item 3
Material : Hard
Price    : Rs. 69.00
Link     : /products/classic-porsche-911-iphone-16-pro-back-cover?variant=41955668197494
-----------------------------
  And I print cart item details                  # steps.CaseKaroSteps.i_print_cart_item_details()
]]></system-out>
    <system-err><![CDATA[SLF4J: Failed to load class "org.slf4j.impl.StaticLoggerBinder".
SLF4J: Defaulting to no-operation (NOP) logger implementation
SLF4J: See http://www.slf4j.org/codes.html#StaticLoggerBinder for further details.
]]></system-err>
  </testcase>
</testsuite>